<?xml version="1.0" encoding="UTF-8"?>
<!-- Generated by org.testng.reporters.JUnitReportReporter -->
<testsuite hostname="PrabhuDELL" failures="0" tests="1" name="testCases.TC001_AccountRegistration" time="3.112" errors="0" timestamp="2024-08-30T22:14:49 EDT" skipped="0">
  <testcase classname="testCases.TC001_AccountRegistration" name="verifyAccountRegn" time="3.112"/>
</testsuite> <!-- testCases.TC001_AccountRegistration -->
