<?xml version="1.0" encoding="UTF-8"?>
<!-- Generated by org.testng.reporters.JUnitReportReporter -->
<testsuite hostname="PrabhuDELL" failures="0" tests="1" name="testCases.TC002_Login" time="0.723" errors="0" timestamp="2024-08-30T22:39:18 EDT" skipped="0">
  <testcase classname="testCases.TC002_Login" name="verifyLogin" time="0.723"/>
</testsuite> <!-- testCases.TC002_Login -->
