<?xml version="1.0" encoding="UTF-8"?>
<!-- Generated by org.testng.reporters.JUnitReportReporter -->
<testsuite hostname="PrabhuDELL" failures="0" tests="1" name="testCases.TC002_Login" time="1.401" errors="0" timestamp="2024-08-31T14:35:12 EDT" skipped="0">
  <testcase classname="testCases.TC002_Login" name="verifyLogin" time="1.401"/>
</testsuite> <!-- testCases.TC002_Login -->
